2021-07-15_09-06-16 [background-preinit] INFO  o.h.validator.internal.util.Version - HV000001: Hibernate Validator 6.1.7.Final
2021-07-15_09-06-16 [restartedMain] INFO  c.c.p.d.PensionDisbursementMicroserviceApplication - Starting PensionDisbursementMicroserviceApplication using Java 14.0.2 on LAPTOP-MFH39K67 with PID 13504 (C:\Users\om40011\Desktop\Pension-Management\PensionDisbursement-Microservice\target\classes started by om40011 in C:\Users\om40011\Desktop\Pension-Management\PensionDisbursement-Microservice)
2021-07-15_09-06-16 [restartedMain] INFO  c.c.p.d.PensionDisbursementMicroserviceApplication - No active profile set, falling back to default profiles: default
2021-07-15_09-06-16 [restartedMain] INFO  o.s.b.d.e.DevToolsPropertyDefaultsPostProcessor - Devtools property defaults active! Set 'spring.devtools.add-properties' to 'false' to disable
2021-07-15_09-06-16 [restartedMain] INFO  o.s.b.d.e.DevToolsPropertyDefaultsPostProcessor - For additional web related logging consider setting the 'logging.level.web' property to 'DEBUG'
2021-07-15_09-06-16 [restartedMain] INFO  o.s.cloud.context.scope.GenericScope - BeanFactory id=5fddad7d-4b2b-329a-ab3b-6587166f9186
2021-07-15_09-06-16 [restartedMain] INFO  o.s.c.s.PostProcessorRegistrationDelegate$BeanPostProcessorChecker - Bean 'com.cts.pension.disbursement.feignclient.AuthorisingClient' of type [org.springframework.cloud.openfeign.FeignClientFactoryBean] is not eligible for getting processed by all BeanPostProcessors (for example: not eligible for auto-proxying)
2021-07-15_09-06-16 [restartedMain] INFO  o.s.c.s.PostProcessorRegistrationDelegate$BeanPostProcessorChecker - Bean 'com.cts.pension.disbursement.feignclient.PensionDisbursementFeignClient' of type [org.springframework.cloud.openfeign.FeignClientFactoryBean] is not eligible for getting processed by all BeanPostProcessors (for example: not eligible for auto-proxying)
2021-07-15_09-06-16 [restartedMain] INFO  o.s.b.w.e.tomcat.TomcatWebServer - Tomcat initialized with port(s): 8300 (http)
2021-07-15_09-06-16 [restartedMain] INFO  o.a.coyote.http11.Http11NioProtocol - Initializing ProtocolHandler ["http-nio-8300"]
2021-07-15_09-06-16 [restartedMain] INFO  o.a.catalina.core.StandardService - Starting service [Tomcat]
2021-07-15_09-06-16 [restartedMain] INFO  o.a.catalina.core.StandardEngine - Starting Servlet engine: [Apache Tomcat/9.0.41]
2021-07-15_09-06-16 [restartedMain] INFO  o.a.c.c.C.[.[.[/disbursement] - Initializing Spring embedded WebApplicationContext
2021-07-15_09-06-16 [restartedMain] INFO  o.s.b.w.s.c.ServletWebServerApplicationContext - Root WebApplicationContext: initialization completed in 3367 ms
2021-07-15_09-06-16 [restartedMain] INFO  o.a.catalina.core.StandardService - Stopping service [Tomcat]
2021-07-15_09-06-16 [restartedMain] INFO  o.s.b.a.l.ConditionEvaluationReportLoggingListener - 

Error starting ApplicationContext. To display the conditions report re-run your application with 'debug' enabled.
2021-07-15_09-25-25 [background-preinit] INFO  o.h.validator.internal.util.Version - HV000001: Hibernate Validator 6.1.7.Final
2021-07-15_09-25-25 [restartedMain] INFO  c.c.p.d.PensionDisbursementMicroserviceApplication - Starting PensionDisbursementMicroserviceApplication using Java 14.0.2 on LAPTOP-MFH39K67 with PID 10920 (C:\Users\om40011\Desktop\Pension-Management\PensionDisbursement-Microservice\target\classes started by om40011 in C:\Users\om40011\Desktop\Pension-Management\PensionDisbursement-Microservice)
2021-07-15_09-25-25 [restartedMain] INFO  c.c.p.d.PensionDisbursementMicroserviceApplication - No active profile set, falling back to default profiles: default
2021-07-15_09-25-25 [restartedMain] INFO  o.s.b.d.e.DevToolsPropertyDefaultsPostProcessor - Devtools property defaults active! Set 'spring.devtools.add-properties' to 'false' to disable
2021-07-15_09-25-25 [restartedMain] INFO  o.s.b.d.e.DevToolsPropertyDefaultsPostProcessor - For additional web related logging consider setting the 'logging.level.web' property to 'DEBUG'
2021-07-15_09-25-25 [restartedMain] INFO  o.s.cloud.context.scope.GenericScope - BeanFactory id=5fddad7d-4b2b-329a-ab3b-6587166f9186
2021-07-15_09-25-25 [restartedMain] INFO  o.s.c.s.PostProcessorRegistrationDelegate$BeanPostProcessorChecker - Bean 'com.cts.pension.disbursement.feignclient.AuthorisingClient' of type [org.springframework.cloud.openfeign.FeignClientFactoryBean] is not eligible for getting processed by all BeanPostProcessors (for example: not eligible for auto-proxying)
2021-07-15_09-25-25 [restartedMain] INFO  o.s.c.s.PostProcessorRegistrationDelegate$BeanPostProcessorChecker - Bean 'com.cts.pension.disbursement.feignclient.PensionDisbursementFeignClient' of type [org.springframework.cloud.openfeign.FeignClientFactoryBean] is not eligible for getting processed by all BeanPostProcessors (for example: not eligible for auto-proxying)
2021-07-15_09-25-25 [restartedMain] INFO  o.s.b.w.e.tomcat.TomcatWebServer - Tomcat initialized with port(s): 8300 (http)
2021-07-15_09-25-25 [restartedMain] INFO  o.a.coyote.http11.Http11NioProtocol - Initializing ProtocolHandler ["http-nio-8300"]
2021-07-15_09-25-25 [restartedMain] INFO  o.a.catalina.core.StandardService - Starting service [Tomcat]
2021-07-15_09-25-25 [restartedMain] INFO  o.a.catalina.core.StandardEngine - Starting Servlet engine: [Apache Tomcat/9.0.41]
2021-07-15_09-25-25 [restartedMain] INFO  o.a.c.c.C.[.[.[/disbursement] - Initializing Spring embedded WebApplicationContext
2021-07-15_09-25-25 [restartedMain] INFO  o.s.b.w.s.c.ServletWebServerApplicationContext - Root WebApplicationContext: initialization completed in 5560 ms
2021-07-15_09-25-25 [restartedMain] INFO  o.a.catalina.core.StandardService - Stopping service [Tomcat]
2021-07-15_09-25-25 [restartedMain] INFO  o.s.b.a.l.ConditionEvaluationReportLoggingListener - 

Error starting ApplicationContext. To display the conditions report re-run your application with 'debug' enabled.
2021-07-15_09-28-46 [background-preinit] INFO  o.h.validator.internal.util.Version - HV000001: Hibernate Validator 6.1.7.Final
2021-07-15_09-28-46 [restartedMain] INFO  c.c.p.d.PensionDisbursementMicroserviceApplication - Starting PensionDisbursementMicroserviceApplication using Java 14.0.2 on LAPTOP-MFH39K67 with PID 3424 (C:\Users\om40011\Desktop\Pension-Management\PensionDisbursement-Microservice\target\classes started by om40011 in C:\Users\om40011\Desktop\Pension-Management\PensionDisbursement-Microservice)
2021-07-15_09-28-46 [restartedMain] INFO  c.c.p.d.PensionDisbursementMicroserviceApplication - No active profile set, falling back to default profiles: default
2021-07-15_09-28-46 [restartedMain] INFO  o.s.b.d.e.DevToolsPropertyDefaultsPostProcessor - Devtools property defaults active! Set 'spring.devtools.add-properties' to 'false' to disable
2021-07-15_09-28-46 [restartedMain] INFO  o.s.b.d.e.DevToolsPropertyDefaultsPostProcessor - For additional web related logging consider setting the 'logging.level.web' property to 'DEBUG'
2021-07-15_09-28-46 [restartedMain] INFO  o.s.cloud.context.scope.GenericScope - BeanFactory id=5fddad7d-4b2b-329a-ab3b-6587166f9186
2021-07-15_09-28-46 [restartedMain] INFO  o.s.c.s.PostProcessorRegistrationDelegate$BeanPostProcessorChecker - Bean 'com.cts.pension.disbursement.feignclient.AuthorisingClient' of type [org.springframework.cloud.openfeign.FeignClientFactoryBean] is not eligible for getting processed by all BeanPostProcessors (for example: not eligible for auto-proxying)
2021-07-15_09-28-46 [restartedMain] INFO  o.s.c.s.PostProcessorRegistrationDelegate$BeanPostProcessorChecker - Bean 'com.cts.pension.disbursement.feignclient.PensionDisbursementFeignClient' of type [org.springframework.cloud.openfeign.FeignClientFactoryBean] is not eligible for getting processed by all BeanPostProcessors (for example: not eligible for auto-proxying)
2021-07-15_09-28-46 [restartedMain] INFO  o.s.b.w.e.tomcat.TomcatWebServer - Tomcat initialized with port(s): 8300 (http)
2021-07-15_09-28-46 [restartedMain] INFO  o.a.coyote.http11.Http11NioProtocol - Initializing ProtocolHandler ["http-nio-8300"]
2021-07-15_09-28-46 [restartedMain] INFO  o.a.catalina.core.StandardService - Starting service [Tomcat]
2021-07-15_09-28-46 [restartedMain] INFO  o.a.catalina.core.StandardEngine - Starting Servlet engine: [Apache Tomcat/9.0.41]
2021-07-15_09-28-46 [restartedMain] INFO  o.a.c.c.C.[.[.[/disbursement] - Initializing Spring embedded WebApplicationContext
2021-07-15_09-28-46 [restartedMain] INFO  o.s.b.w.s.c.ServletWebServerApplicationContext - Root WebApplicationContext: initialization completed in 5262 ms
2021-07-15_09-28-46 [restartedMain] INFO  o.s.s.c.ThreadPoolTaskExecutor - Initializing ExecutorService 'applicationTaskExecutor'
2021-07-15_09-28-46 [restartedMain] INFO  o.s.b.a.e.web.EndpointLinksResolver - Exposing 2 endpoint(s) beneath base path '/actuator'
2021-07-15_09-28-46 [restartedMain] INFO  o.a.coyote.http11.Http11NioProtocol - Starting ProtocolHandler ["http-nio-8300"]
2021-07-15_09-28-46 [restartedMain] INFO  o.s.b.w.e.tomcat.TomcatWebServer - Tomcat started on port(s): 8300 (http) with context path '/disbursement'
2021-07-15_09-28-46 [restartedMain] INFO  c.c.p.d.PensionDisbursementMicroserviceApplication - Started PensionDisbursementMicroserviceApplication in 9.853 seconds (JVM running for 11.702)
2021-07-15_09-28-46 [http-nio-8300-exec-5] INFO  o.a.c.c.C.[.[.[/disbursement] - Initializing Spring DispatcherServlet 'dispatcherServlet'
2021-07-15_09-28-46 [http-nio-8300-exec-5] INFO  o.s.web.servlet.DispatcherServlet - Initializing Servlet 'dispatcherServlet'
2021-07-15_09-28-46 [http-nio-8300-exec-5] INFO  o.s.web.servlet.DispatcherServlet - Completed initialization in 114 ms
2021-07-15_19-52-48 [background-preinit] INFO  o.h.validator.internal.util.Version - HV000001: Hibernate Validator 6.1.7.Final
2021-07-15_19-52-48 [restartedMain] INFO  c.c.p.d.PensionDisbursementMicroserviceApplication - Starting PensionDisbursementMicroserviceApplication using Java 14.0.2 on LAPTOP-MFH39K67 with PID 1732 (C:\Users\om40011\Desktop\Pension-Management\PensionDisbursement-Microservice\target\classes started by om40011 in C:\Users\om40011\Desktop\Pension-Management\PensionDisbursement-Microservice)
2021-07-15_19-52-48 [restartedMain] INFO  c.c.p.d.PensionDisbursementMicroserviceApplication - No active profile set, falling back to default profiles: default
2021-07-15_19-52-48 [restartedMain] INFO  o.s.b.d.e.DevToolsPropertyDefaultsPostProcessor - Devtools property defaults active! Set 'spring.devtools.add-properties' to 'false' to disable
2021-07-15_19-52-48 [restartedMain] INFO  o.s.b.d.e.DevToolsPropertyDefaultsPostProcessor - For additional web related logging consider setting the 'logging.level.web' property to 'DEBUG'
2021-07-15_19-52-48 [restartedMain] INFO  o.s.cloud.context.scope.GenericScope - BeanFactory id=5fddad7d-4b2b-329a-ab3b-6587166f9186
2021-07-15_19-52-48 [restartedMain] INFO  o.s.c.s.PostProcessorRegistrationDelegate$BeanPostProcessorChecker - Bean 'com.cts.pension.disbursement.feignclient.AuthorisingClient' of type [org.springframework.cloud.openfeign.FeignClientFactoryBean] is not eligible for getting processed by all BeanPostProcessors (for example: not eligible for auto-proxying)
2021-07-15_19-52-48 [restartedMain] INFO  o.s.c.s.PostProcessorRegistrationDelegate$BeanPostProcessorChecker - Bean 'com.cts.pension.disbursement.feignclient.PensionDisbursementFeignClient' of type [org.springframework.cloud.openfeign.FeignClientFactoryBean] is not eligible for getting processed by all BeanPostProcessors (for example: not eligible for auto-proxying)
2021-07-15_19-52-48 [restartedMain] INFO  o.s.b.w.e.tomcat.TomcatWebServer - Tomcat initialized with port(s): 8300 (http)
2021-07-15_19-52-48 [restartedMain] INFO  o.a.coyote.http11.Http11NioProtocol - Initializing ProtocolHandler ["http-nio-8300"]
2021-07-15_19-52-48 [restartedMain] INFO  o.a.catalina.core.StandardService - Starting service [Tomcat]
2021-07-15_19-52-48 [restartedMain] INFO  o.a.catalina.core.StandardEngine - Starting Servlet engine: [Apache Tomcat/9.0.41]
2021-07-15_19-52-48 [restartedMain] INFO  o.a.c.c.C.[.[.[/disbursement] - Initializing Spring embedded WebApplicationContext
2021-07-15_19-52-48 [restartedMain] INFO  o.s.b.w.s.c.ServletWebServerApplicationContext - Root WebApplicationContext: initialization completed in 6471 ms
2021-07-15_19-52-48 [restartedMain] INFO  o.s.s.c.ThreadPoolTaskExecutor - Initializing ExecutorService 'applicationTaskExecutor'
2021-07-15_19-52-48 [restartedMain] INFO  o.s.b.a.e.web.EndpointLinksResolver - Exposing 2 endpoint(s) beneath base path '/actuator'
2021-07-15_19-52-48 [restartedMain] INFO  o.a.coyote.http11.Http11NioProtocol - Starting ProtocolHandler ["http-nio-8300"]
2021-07-15_19-52-48 [restartedMain] INFO  o.s.b.w.e.tomcat.TomcatWebServer - Tomcat started on port(s): 8300 (http) with context path '/disbursement'
2021-07-15_19-52-48 [restartedMain] INFO  c.c.p.d.PensionDisbursementMicroserviceApplication - Started PensionDisbursementMicroserviceApplication in 12.052 seconds (JVM running for 14.194)
2021-07-15_19-52-48 [http-nio-8300-exec-1] INFO  o.a.c.c.C.[.[.[/disbursement] - Initializing Spring DispatcherServlet 'dispatcherServlet'
2021-07-15_19-52-48 [http-nio-8300-exec-1] INFO  o.s.web.servlet.DispatcherServlet - Initializing Servlet 'dispatcherServlet'
2021-07-15_19-52-48 [http-nio-8300-exec-1] INFO  o.s.web.servlet.DispatcherServlet - Completed initialization in 76 ms
2021-07-15_19-52-48 [http-nio-8300-exec-1] INFO  c.c.p.d.c.PensionDisbursementController - In pension disburse controller
2021-07-15_19-52-48 [http-nio-8300-exec-2] INFO  c.c.p.d.c.PensionDisbursementController - In pension disburse controller
2021-07-15_19-52-48 [http-nio-8300-exec-3] INFO  c.c.p.d.c.PensionDisbursementController - In pension disburse controller
2021-07-15_19-52-48 [http-nio-8300-exec-4] INFO  c.c.p.d.c.PensionDisbursementController - In pension disburse controller
2021-07-15_19-52-48 [http-nio-8300-exec-5] INFO  c.c.p.d.c.PensionDisbursementController - In pension disburse controller
