2021-08-07_16-45-10 [main] INFO  o.s.b.t.c.SpringBootTestContextBootstrapper - Neither @ContextConfiguration nor @ContextHierarchy found for test class [com.cts.pension.disbursement.controller.PensionDisbursementControllerMethodTest], using SpringBootContextLoader
2021-08-07_16-45-10 [main] INFO  o.s.t.c.s.AbstractContextLoader - Could not detect default resource locations for test class [com.cts.pension.disbursement.controller.PensionDisbursementControllerMethodTest]: no resource found for suffixes {-context.xml, Context.groovy}.
2021-08-07_16-45-10 [main] INFO  o.s.t.c.s.AnnotationConfigContextLoaderUtils - Could not detect default configuration classes for test class [com.cts.pension.disbursement.controller.PensionDisbursementControllerMethodTest]: PensionDisbursementControllerMethodTest does not declare any static, non-private, non-final, nested classes annotated with @Configuration.
2021-08-07_16-45-10 [main] INFO  o.s.b.t.c.SpringBootTestContextBootstrapper - Found @SpringBootConfiguration com.cts.pension.disbursement.PensionDisbursementMicroserviceApplication for test class com.cts.pension.disbursement.controller.PensionDisbursementControllerMethodTest
2021-08-07_16-45-10 [main] INFO  o.s.b.t.c.SpringBootTestContextBootstrapper - Loaded default TestExecutionListener class names from location [META-INF/spring.factories]: [org.springframework.boot.test.mock.mockito.MockitoTestExecutionListener, org.springframework.boot.test.mock.mockito.ResetMocksTestExecutionListener, org.springframework.boot.test.autoconfigure.restdocs.RestDocsTestExecutionListener, org.springframework.boot.test.autoconfigure.web.client.MockRestServiceServerResetTestExecutionListener, org.springframework.boot.test.autoconfigure.web.servlet.MockMvcPrintOnlyOnFailureTestExecutionListener, org.springframework.boot.test.autoconfigure.web.servlet.WebDriverTestExecutionListener, org.springframework.boot.test.autoconfigure.webservices.client.MockWebServiceServerTestExecutionListener, org.springframework.test.context.web.ServletTestExecutionListener, org.springframework.test.context.support.DirtiesContextBeforeModesTestExecutionListener, org.springframework.test.context.event.ApplicationEventsTestExecutionListener, org.springframework.test.context.support.DependencyInjectionTestExecutionListener, org.springframework.test.context.support.DirtiesContextTestExecutionListener, org.springframework.test.context.transaction.TransactionalTestExecutionListener, org.springframework.test.context.jdbc.SqlScriptsTestExecutionListener, org.springframework.test.context.event.EventPublishingTestExecutionListener]
2021-08-07_16-45-10 [main] INFO  o.s.b.t.c.SpringBootTestContextBootstrapper - Using TestExecutionListeners: [org.springframework.test.context.web.ServletTestExecutionListener@db44aa2, org.springframework.test.context.support.DirtiesContextBeforeModesTestExecutionListener@2de366bb, org.springframework.test.context.event.ApplicationEventsTestExecutionListener@3f093abe, org.springframework.boot.test.mock.mockito.MockitoTestExecutionListener@61a002b1, org.springframework.boot.test.autoconfigure.SpringBootDependencyInjectionTestExecutionListener@4eeea57d, org.springframework.test.context.support.DirtiesContextTestExecutionListener@780ec4a5, org.springframework.test.context.event.EventPublishingTestExecutionListener@e24ddd0, org.springframework.boot.test.mock.mockito.ResetMocksTestExecutionListener@6f70f32f, org.springframework.boot.test.autoconfigure.restdocs.RestDocsTestExecutionListener@548e76f1, org.springframework.boot.test.autoconfigure.web.client.MockRestServiceServerResetTestExecutionListener@5aabbb29, org.springframework.boot.test.autoconfigure.web.servlet.MockMvcPrintOnlyOnFailureTestExecutionListener@72c927f1, org.springframework.boot.test.autoconfigure.web.servlet.WebDriverTestExecutionListener@1ac85b0c, org.springframework.boot.test.autoconfigure.webservices.client.MockWebServiceServerTestExecutionListener@3dd69f5a]
2021-08-07_16-45-26 [main] INFO  c.c.p.d.c.PensionDisbursementControllerMethodTest - Starting PensionDisbursementControllerMethodTest using Java 11.0.11 on DESKTOP-BLC37G2 with PID 9164 (started by TONY in C:\Users\TONY\OneDrive\Desktop\CTS intern\mfpe\PensionDisbursement-Microservice)
2021-08-07_16-45-26 [main] INFO  c.c.p.d.c.PensionDisbursementControllerMethodTest - No active profile set, falling back to default profiles: default
2021-08-07_16-45-26 [background-preinit] INFO  o.h.validator.internal.util.Version - HV000001: Hibernate Validator 6.1.7.Final
2021-08-07_16-45-26 [main] INFO  o.s.cloud.context.scope.GenericScope - BeanFactory id=ede6be04-8cf7-3711-b68c-a71032826e78
2021-08-07_16-45-26 [main] INFO  o.s.b.a.e.web.EndpointLinksResolver - Exposing 2 endpoint(s) beneath base path '/actuator'
2021-08-07_16-45-26 [main] INFO  s.d.s.w.PropertySourcedRequestMappingHandlerMapping - Mapped URL path [/v2/api-docs] onto method [springfox.documentation.swagger2.web.Swagger2Controller#getDocumentation(String, HttpServletRequest)]
2021-08-07_16-45-26 [main] INFO  o.s.s.c.ThreadPoolTaskExecutor - Initializing ExecutorService 'applicationTaskExecutor'
2021-08-07_16-45-26 [main] INFO  s.d.s.w.p.DocumentationPluginsBootstrapper - Context refreshed
2021-08-07_16-45-26 [main] INFO  s.d.s.w.p.DocumentationPluginsBootstrapper - Found 1 custom documentation plugin(s)
2021-08-07_16-45-26 [main] INFO  s.d.s.w.s.ApiListingReferenceScanner - Scanning for api listing references
2021-08-07_16-45-26 [main] INFO  s.d.s.w.r.o.CachingOperationNameGenerator - Generating unique operation named: handleUsingGET_1
2021-08-07_16-45-26 [main] INFO  s.d.s.w.r.o.CachingOperationNameGenerator - Generating unique operation named: handleUsingGET_2
2021-08-07_16-45-26 [main] INFO  c.c.p.d.c.PensionDisbursementControllerMethodTest - Started PensionDisbursementControllerMethodTest in 67.97 seconds (JVM running for 103.747)
2021-08-07_16-45-26 [main] INFO  c.c.p.d.c.PensionDisbursementController - In pension disburse controller
2021-08-07_16-45-26 [main] INFO  c.c.p.d.c.PensionDisbursementController - In pension disburse controller
2021-08-07_16-45-26 [main] INFO  c.c.p.d.c.PensionDisbursementController - In pension disburse controller
2021-08-07_16-45-26 [main] INFO  c.c.p.d.c.PensionDisbursementController - In pension disburse controller
2021-08-07_16-45-26 [main] INFO  o.s.b.t.c.SpringBootTestContextBootstrapper - Neither @ContextConfiguration nor @ContextHierarchy found for test class [com.cts.pension.disbursement.controller.PensionDisbursementControllerTest], using SpringBootContextLoader
2021-08-07_16-45-26 [main] INFO  o.s.t.c.s.AbstractContextLoader - Could not detect default resource locations for test class [com.cts.pension.disbursement.controller.PensionDisbursementControllerTest]: no resource found for suffixes {-context.xml, Context.groovy}.
2021-08-07_16-45-26 [main] INFO  o.s.t.c.s.AnnotationConfigContextLoaderUtils - Could not detect default configuration classes for test class [com.cts.pension.disbursement.controller.PensionDisbursementControllerTest]: PensionDisbursementControllerTest does not declare any static, non-private, non-final, nested classes annotated with @Configuration.
2021-08-07_16-45-26 [main] INFO  o.s.b.t.c.SpringBootTestContextBootstrapper - Found @SpringBootConfiguration com.cts.pension.disbursement.PensionDisbursementMicroserviceApplication for test class com.cts.pension.disbursement.controller.PensionDisbursementControllerTest
2021-08-07_16-45-26 [main] INFO  o.s.b.t.c.SpringBootTestContextBootstrapper - Loaded default TestExecutionListener class names from location [META-INF/spring.factories]: [org.springframework.boot.test.mock.mockito.MockitoTestExecutionListener, org.springframework.boot.test.mock.mockito.ResetMocksTestExecutionListener, org.springframework.boot.test.autoconfigure.restdocs.RestDocsTestExecutionListener, org.springframework.boot.test.autoconfigure.web.client.MockRestServiceServerResetTestExecutionListener, org.springframework.boot.test.autoconfigure.web.servlet.MockMvcPrintOnlyOnFailureTestExecutionListener, org.springframework.boot.test.autoconfigure.web.servlet.WebDriverTestExecutionListener, org.springframework.boot.test.autoconfigure.webservices.client.MockWebServiceServerTestExecutionListener, org.springframework.test.context.web.ServletTestExecutionListener, org.springframework.test.context.support.DirtiesContextBeforeModesTestExecutionListener, org.springframework.test.context.event.ApplicationEventsTestExecutionListener, org.springframework.test.context.support.DependencyInjectionTestExecutionListener, org.springframework.test.context.support.DirtiesContextTestExecutionListener, org.springframework.test.context.transaction.TransactionalTestExecutionListener, org.springframework.test.context.jdbc.SqlScriptsTestExecutionListener, org.springframework.test.context.event.EventPublishingTestExecutionListener]
2021-08-07_16-45-26 [main] INFO  o.s.b.t.c.SpringBootTestContextBootstrapper - Using TestExecutionListeners: [org.springframework.test.context.web.ServletTestExecutionListener@44ec4a38, org.springframework.test.context.support.DirtiesContextBeforeModesTestExecutionListener@755009f2, org.springframework.test.context.event.ApplicationEventsTestExecutionListener@1756a471, org.springframework.boot.test.mock.mockito.MockitoTestExecutionListener@2190508d, org.springframework.boot.test.autoconfigure.SpringBootDependencyInjectionTestExecutionListener@70b630d, org.springframework.test.context.support.DirtiesContextTestExecutionListener@72e1e587, org.springframework.test.context.event.EventPublishingTestExecutionListener@5036a286, org.springframework.boot.test.mock.mockito.ResetMocksTestExecutionListener@73818435, org.springframework.boot.test.autoconfigure.restdocs.RestDocsTestExecutionListener@2fce8243, org.springframework.boot.test.autoconfigure.web.client.MockRestServiceServerResetTestExecutionListener@52fe87e0, org.springframework.boot.test.autoconfigure.web.servlet.MockMvcPrintOnlyOnFailureTestExecutionListener@37393dab, org.springframework.boot.test.autoconfigure.web.servlet.WebDriverTestExecutionListener@4866a755, org.springframework.boot.test.autoconfigure.webservices.client.MockWebServiceServerTestExecutionListener@1361e880]
2021-08-07_16-46-35 [main] INFO  c.c.p.d.c.PensionDisbursementControllerTest - Starting PensionDisbursementControllerTest using Java 11.0.11 on DESKTOP-BLC37G2 with PID 9164 (started by TONY in C:\Users\TONY\OneDrive\Desktop\CTS intern\mfpe\PensionDisbursement-Microservice)
2021-08-07_16-46-35 [main] INFO  c.c.p.d.c.PensionDisbursementControllerTest - No active profile set, falling back to default profiles: default
2021-08-07_16-46-35 [main] INFO  o.s.cloud.context.scope.GenericScope - BeanFactory id=4c31a570-8a2d-33cb-8287-d8cc295f6547
2021-08-07_16-46-35 [main] INFO  o.s.b.a.e.web.EndpointLinksResolver - Exposing 2 endpoint(s) beneath base path '/actuator'
2021-08-07_16-46-35 [main] INFO  s.d.s.w.PropertySourcedRequestMappingHandlerMapping - Mapped URL path [/v2/api-docs] onto method [springfox.documentation.swagger2.web.Swagger2Controller#getDocumentation(String, HttpServletRequest)]
2021-08-07_16-46-35 [main] INFO  o.s.s.c.ThreadPoolTaskExecutor - Initializing ExecutorService 'applicationTaskExecutor'
2021-08-07_16-46-35 [main] INFO  o.s.b.t.m.w.SpringBootMockServletContext - Initializing Spring TestDispatcherServlet ''
2021-08-07_16-46-35 [main] INFO  o.s.t.w.s.TestDispatcherServlet - Initializing Servlet ''
2021-08-07_16-46-35 [main] INFO  o.s.t.w.s.TestDispatcherServlet - Completed initialization in 1 ms
2021-08-07_16-46-35 [main] INFO  s.d.s.w.p.DocumentationPluginsBootstrapper - Context refreshed
2021-08-07_16-46-35 [main] INFO  s.d.s.w.p.DocumentationPluginsBootstrapper - Found 1 custom documentation plugin(s)
2021-08-07_16-46-35 [main] INFO  s.d.s.w.s.ApiListingReferenceScanner - Scanning for api listing references
2021-08-07_16-46-35 [main] INFO  s.d.s.w.r.o.CachingOperationNameGenerator - Generating unique operation named: handleUsingGET_1
2021-08-07_16-46-35 [main] INFO  s.d.s.w.r.o.CachingOperationNameGenerator - Generating unique operation named: handleUsingGET_2
2021-08-07_16-46-35 [main] INFO  c.c.p.d.c.PensionDisbursementControllerTest - Started PensionDisbursementControllerTest in 26.001 seconds (JVM running for 133.939)
2021-08-07_16-46-35 [main] INFO  c.c.p.d.c.PensionDisbursementController - In pension disburse controller
2021-08-07_16-46-35 [main] INFO  c.c.p.d.c.PensionDisbursementController - In pension disburse controller
2021-08-07_16-46-35 [main] INFO  c.c.p.d.c.PensionDisbursementController - In pension disburse controller
2021-08-07_16-46-35 [main] INFO  o.s.b.t.c.SpringBootTestContextBootstrapper - Neither @ContextConfiguration nor @ContextHierarchy found for test class [com.cts.pension.disbursement.exception.PensionDisbursementExceptionTest], using SpringBootContextLoader
2021-08-07_16-46-35 [main] INFO  o.s.t.c.s.AbstractContextLoader - Could not detect default resource locations for test class [com.cts.pension.disbursement.exception.PensionDisbursementExceptionTest]: no resource found for suffixes {-context.xml, Context.groovy}.
2021-08-07_16-46-35 [main] INFO  o.s.t.c.s.AnnotationConfigContextLoaderUtils - Could not detect default configuration classes for test class [com.cts.pension.disbursement.exception.PensionDisbursementExceptionTest]: PensionDisbursementExceptionTest does not declare any static, non-private, non-final, nested classes annotated with @Configuration.
2021-08-07_16-46-35 [main] INFO  o.s.b.t.c.SpringBootTestContextBootstrapper - Found @SpringBootConfiguration com.cts.pension.disbursement.PensionDisbursementMicroserviceApplication for test class com.cts.pension.disbursement.exception.PensionDisbursementExceptionTest
2021-08-07_16-46-35 [main] INFO  o.s.b.t.c.SpringBootTestContextBootstrapper - Loaded default TestExecutionListener class names from location [META-INF/spring.factories]: [org.springframework.boot.test.mock.mockito.MockitoTestExecutionListener, org.springframework.boot.test.mock.mockito.ResetMocksTestExecutionListener, org.springframework.boot.test.autoconfigure.restdocs.RestDocsTestExecutionListener, org.springframework.boot.test.autoconfigure.web.client.MockRestServiceServerResetTestExecutionListener, org.springframework.boot.test.autoconfigure.web.servlet.MockMvcPrintOnlyOnFailureTestExecutionListener, org.springframework.boot.test.autoconfigure.web.servlet.WebDriverTestExecutionListener, org.springframework.boot.test.autoconfigure.webservices.client.MockWebServiceServerTestExecutionListener, org.springframework.test.context.web.ServletTestExecutionListener, org.springframework.test.context.support.DirtiesContextBeforeModesTestExecutionListener, org.springframework.test.context.event.ApplicationEventsTestExecutionListener, org.springframework.test.context.support.DependencyInjectionTestExecutionListener, org.springframework.test.context.support.DirtiesContextTestExecutionListener, org.springframework.test.context.transaction.TransactionalTestExecutionListener, org.springframework.test.context.jdbc.SqlScriptsTestExecutionListener, org.springframework.test.context.event.EventPublishingTestExecutionListener]
2021-08-07_16-46-35 [main] INFO  o.s.b.t.c.SpringBootTestContextBootstrapper - Using TestExecutionListeners: [org.springframework.test.context.web.ServletTestExecutionListener@4615bc00, org.springframework.test.context.support.DirtiesContextBeforeModesTestExecutionListener@37f75ebf, org.springframework.test.context.event.ApplicationEventsTestExecutionListener@569b3009, org.springframework.boot.test.mock.mockito.MockitoTestExecutionListener@23d0f6be, org.springframework.boot.test.autoconfigure.SpringBootDependencyInjectionTestExecutionListener@48cebb78, org.springframework.test.context.support.DirtiesContextTestExecutionListener@45c10678, org.springframework.test.context.event.EventPublishingTestExecutionListener@4ad57db1, org.springframework.boot.test.mock.mockito.ResetMocksTestExecutionListener@6e140753, org.springframework.boot.test.autoconfigure.restdocs.RestDocsTestExecutionListener@53bc6492, org.springframework.boot.test.autoconfigure.web.client.MockRestServiceServerResetTestExecutionListener@1e834a5b, org.springframework.boot.test.autoconfigure.web.servlet.MockMvcPrintOnlyOnFailureTestExecutionListener@7fda84cf, org.springframework.boot.test.autoconfigure.web.servlet.WebDriverTestExecutionListener@313a3af8, org.springframework.boot.test.autoconfigure.webservices.client.MockWebServiceServerTestExecutionListener@19240b9]
2021-08-07_16-47-05 [main] INFO  c.c.p.d.e.PensionDisbursementExceptionTest - Starting PensionDisbursementExceptionTest using Java 11.0.11 on DESKTOP-BLC37G2 with PID 9164 (started by TONY in C:\Users\TONY\OneDrive\Desktop\CTS intern\mfpe\PensionDisbursement-Microservice)
2021-08-07_16-47-05 [main] INFO  c.c.p.d.e.PensionDisbursementExceptionTest - No active profile set, falling back to default profiles: default
2021-08-07_16-47-05 [main] INFO  o.s.cloud.context.scope.GenericScope - BeanFactory id=ede6be04-8cf7-3711-b68c-a71032826e78
2021-08-07_16-47-05 [main] INFO  o.s.c.s.PostProcessorRegistrationDelegate$BeanPostProcessorChecker - Bean 'com.cts.pension.disbursement.feignclient.AuthorisingClient' of type [org.springframework.cloud.openfeign.FeignClientFactoryBean] is not eligible for getting processed by all BeanPostProcessors (for example: not eligible for auto-proxying)
2021-08-07_16-47-05 [main] INFO  o.s.c.s.PostProcessorRegistrationDelegate$BeanPostProcessorChecker - Bean 'com.cts.pension.disbursement.feignclient.PensionDisbursementFeignClient' of type [org.springframework.cloud.openfeign.FeignClientFactoryBean] is not eligible for getting processed by all BeanPostProcessors (for example: not eligible for auto-proxying)
2021-08-07_16-47-05 [main] INFO  o.s.b.a.e.web.EndpointLinksResolver - Exposing 2 endpoint(s) beneath base path '/actuator'
2021-08-07_16-47-05 [main] INFO  s.d.s.w.PropertySourcedRequestMappingHandlerMapping - Mapped URL path [/v2/api-docs] onto method [springfox.documentation.swagger2.web.Swagger2Controller#getDocumentation(String, HttpServletRequest)]
2021-08-07_16-47-05 [main] INFO  o.s.s.c.ThreadPoolTaskExecutor - Initializing ExecutorService 'applicationTaskExecutor'
2021-08-07_16-47-05 [main] INFO  s.d.s.w.p.DocumentationPluginsBootstrapper - Context refreshed
2021-08-07_16-47-05 [main] INFO  s.d.s.w.p.DocumentationPluginsBootstrapper - Found 1 custom documentation plugin(s)
2021-08-07_16-47-05 [main] INFO  s.d.s.w.s.ApiListingReferenceScanner - Scanning for api listing references
2021-08-07_16-47-05 [main] INFO  s.d.s.w.r.o.CachingOperationNameGenerator - Generating unique operation named: handleUsingGET_1
2021-08-07_16-47-05 [main] INFO  s.d.s.w.r.o.CachingOperationNameGenerator - Generating unique operation named: handleUsingGET_2
2021-08-07_16-47-05 [main] INFO  c.c.p.d.e.PensionDisbursementExceptionTest - Started PensionDisbursementExceptionTest in 9.029 seconds (JVM running for 147.605)
2021-08-07_16-47-05 [main] INFO  o.s.b.t.c.SpringBootTestContextBootstrapper - Neither @ContextConfiguration nor @ContextHierarchy found for test class [com.cts.pension.disbursement.PensionDisbursementMicroserviceApplicationTests], using SpringBootContextLoader
2021-08-07_16-47-05 [main] INFO  o.s.t.c.s.AbstractContextLoader - Could not detect default resource locations for test class [com.cts.pension.disbursement.PensionDisbursementMicroserviceApplicationTests]: no resource found for suffixes {-context.xml, Context.groovy}.
2021-08-07_16-47-05 [main] INFO  o.s.t.c.s.AnnotationConfigContextLoaderUtils - Could not detect default configuration classes for test class [com.cts.pension.disbursement.PensionDisbursementMicroserviceApplicationTests]: PensionDisbursementMicroserviceApplicationTests does not declare any static, non-private, non-final, nested classes annotated with @Configuration.
2021-08-07_16-47-05 [main] INFO  o.s.b.t.c.SpringBootTestContextBootstrapper - Found @SpringBootConfiguration com.cts.pension.disbursement.PensionDisbursementMicroserviceApplication for test class com.cts.pension.disbursement.PensionDisbursementMicroserviceApplicationTests
2021-08-07_16-47-05 [main] INFO  o.s.b.t.c.SpringBootTestContextBootstrapper - Loaded default TestExecutionListener class names from location [META-INF/spring.factories]: [org.springframework.boot.test.mock.mockito.MockitoTestExecutionListener, org.springframework.boot.test.mock.mockito.ResetMocksTestExecutionListener, org.springframework.boot.test.autoconfigure.restdocs.RestDocsTestExecutionListener, org.springframework.boot.test.autoconfigure.web.client.MockRestServiceServerResetTestExecutionListener, org.springframework.boot.test.autoconfigure.web.servlet.MockMvcPrintOnlyOnFailureTestExecutionListener, org.springframework.boot.test.autoconfigure.web.servlet.WebDriverTestExecutionListener, org.springframework.boot.test.autoconfigure.webservices.client.MockWebServiceServerTestExecutionListener, org.springframework.test.context.web.ServletTestExecutionListener, org.springframework.test.context.support.DirtiesContextBeforeModesTestExecutionListener, org.springframework.test.context.event.ApplicationEventsTestExecutionListener, org.springframework.test.context.support.DependencyInjectionTestExecutionListener, org.springframework.test.context.support.DirtiesContextTestExecutionListener, org.springframework.test.context.transaction.TransactionalTestExecutionListener, org.springframework.test.context.jdbc.SqlScriptsTestExecutionListener, org.springframework.test.context.event.EventPublishingTestExecutionListener]
2021-08-07_16-47-05 [main] INFO  o.s.b.t.c.SpringBootTestContextBootstrapper - Using TestExecutionListeners: [org.springframework.test.context.web.ServletTestExecutionListener@3577fd9b, org.springframework.test.context.support.DirtiesContextBeforeModesTestExecutionListener@76140ca5, org.springframework.test.context.event.ApplicationEventsTestExecutionListener@47b5c247, org.springframework.boot.test.mock.mockito.MockitoTestExecutionListener@4057eb76, org.springframework.boot.test.autoconfigure.SpringBootDependencyInjectionTestExecutionListener@4ac64dc2, org.springframework.test.context.support.DirtiesContextTestExecutionListener@1c61011b, org.springframework.test.context.event.EventPublishingTestExecutionListener@75af5f2a, org.springframework.boot.test.mock.mockito.ResetMocksTestExecutionListener@adc06b2, org.springframework.boot.test.autoconfigure.restdocs.RestDocsTestExecutionListener@728cf276, org.springframework.boot.test.autoconfigure.web.client.MockRestServiceServerResetTestExecutionListener@66f15ce5, org.springframework.boot.test.autoconfigure.web.servlet.MockMvcPrintOnlyOnFailureTestExecutionListener@69a8191e, org.springframework.boot.test.autoconfigure.web.servlet.WebDriverTestExecutionListener@3ab7b0f, org.springframework.boot.test.autoconfigure.webservices.client.MockWebServiceServerTestExecutionListener@1621264e]
2021-08-07_16-47-24 [main] INFO  c.c.p.d.PensionDisbursementMicroserviceApplication - Starting PensionDisbursementMicroserviceApplication using Java 11.0.11 on DESKTOP-BLC37G2 with PID 9164 (started by TONY in C:\Users\TONY\OneDrive\Desktop\CTS intern\mfpe\PensionDisbursement-Microservice)
2021-08-07_16-47-24 [main] INFO  c.c.p.d.PensionDisbursementMicroserviceApplication - No active profile set, falling back to default profiles: default
2021-08-07_16-47-24 [main] INFO  o.s.cloud.context.scope.GenericScope - BeanFactory id=282a698e-534d-3d51-9b1b-48921bcfe44f
2021-08-07_16-47-24 [main] INFO  o.s.c.s.PostProcessorRegistrationDelegate$BeanPostProcessorChecker - Bean 'com.cts.pension.disbursement.feignclient.AuthorisingClient' of type [org.springframework.cloud.openfeign.FeignClientFactoryBean] is not eligible for getting processed by all BeanPostProcessors (for example: not eligible for auto-proxying)
2021-08-07_16-47-24 [main] INFO  o.s.c.s.PostProcessorRegistrationDelegate$BeanPostProcessorChecker - Bean 'com.cts.pension.disbursement.feignclient.PensionDisbursementFeignClient' of type [org.springframework.cloud.openfeign.FeignClientFactoryBean] is not eligible for getting processed by all BeanPostProcessors (for example: not eligible for auto-proxying)
2021-08-07_16-47-24 [main] INFO  o.s.b.w.e.tomcat.TomcatWebServer - Tomcat initialized with port(s): 8300 (http)
2021-08-07_16-47-24 [main] INFO  o.a.coyote.http11.Http11NioProtocol - Initializing ProtocolHandler ["http-nio-8300"]
2021-08-07_16-47-24 [main] INFO  o.a.catalina.core.StandardService - Starting service [Tomcat]
2021-08-07_16-47-24 [main] INFO  o.a.catalina.core.StandardEngine - Starting Servlet engine: [Apache Tomcat/9.0.41]
2021-08-07_16-47-24 [main] INFO  o.a.c.c.C.[.[.[/disbursement] - Initializing Spring embedded WebApplicationContext
2021-08-07_16-47-24 [main] INFO  o.s.b.w.s.c.ServletWebServerApplicationContext - Root WebApplicationContext: initialization completed in 12341 ms
2021-08-07_16-47-24 [main] INFO  o.s.b.a.e.web.EndpointLinksResolver - Exposing 2 endpoint(s) beneath base path '/actuator'
2021-08-07_16-47-24 [main] INFO  s.d.s.w.PropertySourcedRequestMappingHandlerMapping - Mapped URL path [/v2/api-docs] onto method [springfox.documentation.swagger2.web.Swagger2Controller#getDocumentation(String, HttpServletRequest)]
2021-08-07_16-47-24 [main] INFO  o.s.s.c.ThreadPoolTaskExecutor - Initializing ExecutorService 'applicationTaskExecutor'
2021-08-07_16-47-24 [main] INFO  o.a.coyote.http11.Http11NioProtocol - Starting ProtocolHandler ["http-nio-8300"]
2021-08-07_16-47-24 [main] INFO  o.s.b.w.e.tomcat.TomcatWebServer - Tomcat started on port(s): 8300 (http) with context path '/disbursement'
2021-08-07_16-47-24 [main] INFO  s.d.s.w.p.DocumentationPluginsBootstrapper - Context refreshed
2021-08-07_16-47-24 [main] INFO  s.d.s.w.p.DocumentationPluginsBootstrapper - Found 1 custom documentation plugin(s)
2021-08-07_16-47-24 [main] INFO  s.d.s.w.s.ApiListingReferenceScanner - Scanning for api listing references
2021-08-07_16-47-24 [main] INFO  s.d.s.w.r.o.CachingOperationNameGenerator - Generating unique operation named: handleUsingGET_1
2021-08-07_16-47-24 [main] INFO  s.d.s.w.r.o.CachingOperationNameGenerator - Generating unique operation named: handleUsingGET_2
2021-08-07_16-47-24 [main] INFO  c.c.p.d.PensionDisbursementMicroserviceApplication - Started PensionDisbursementMicroserviceApplication in 17.618 seconds (JVM running for 175.233)
2021-08-07_16-47-24 [main] INFO  o.s.b.t.c.SpringBootTestContextBootstrapper - Neither @ContextConfiguration nor @ContextHierarchy found for test class [com.cts.pension.disbursement.service.PensionDisbursementServiceTest], using SpringBootContextLoader
2021-08-07_16-47-24 [main] INFO  o.s.t.c.s.AbstractContextLoader - Could not detect default resource locations for test class [com.cts.pension.disbursement.service.PensionDisbursementServiceTest]: no resource found for suffixes {-context.xml, Context.groovy}.
2021-08-07_16-47-24 [main] INFO  o.s.t.c.s.AnnotationConfigContextLoaderUtils - Could not detect default configuration classes for test class [com.cts.pension.disbursement.service.PensionDisbursementServiceTest]: PensionDisbursementServiceTest does not declare any static, non-private, non-final, nested classes annotated with @Configuration.
2021-08-07_16-47-24 [main] INFO  o.s.b.t.c.SpringBootTestContextBootstrapper - Found @SpringBootConfiguration com.cts.pension.disbursement.PensionDisbursementMicroserviceApplication for test class com.cts.pension.disbursement.service.PensionDisbursementServiceTest
2021-08-07_16-47-24 [main] INFO  o.s.b.t.c.SpringBootTestContextBootstrapper - Loaded default TestExecutionListener class names from location [META-INF/spring.factories]: [org.springframework.boot.test.mock.mockito.MockitoTestExecutionListener, org.springframework.boot.test.mock.mockito.ResetMocksTestExecutionListener, org.springframework.boot.test.autoconfigure.restdocs.RestDocsTestExecutionListener, org.springframework.boot.test.autoconfigure.web.client.MockRestServiceServerResetTestExecutionListener, org.springframework.boot.test.autoconfigure.web.servlet.MockMvcPrintOnlyOnFailureTestExecutionListener, org.springframework.boot.test.autoconfigure.web.servlet.WebDriverTestExecutionListener, org.springframework.boot.test.autoconfigure.webservices.client.MockWebServiceServerTestExecutionListener, org.springframework.test.context.web.ServletTestExecutionListener, org.springframework.test.context.support.DirtiesContextBeforeModesTestExecutionListener, org.springframework.test.context.event.ApplicationEventsTestExecutionListener, org.springframework.test.context.support.DependencyInjectionTestExecutionListener, org.springframework.test.context.support.DirtiesContextTestExecutionListener, org.springframework.test.context.transaction.TransactionalTestExecutionListener, org.springframework.test.context.jdbc.SqlScriptsTestExecutionListener, org.springframework.test.context.event.EventPublishingTestExecutionListener]
2021-08-07_16-47-24 [main] INFO  o.s.b.t.c.SpringBootTestContextBootstrapper - Using TestExecutionListeners: [org.springframework.test.context.web.ServletTestExecutionListener@367026f, org.springframework.test.context.support.DirtiesContextBeforeModesTestExecutionListener@30ff3726, org.springframework.test.context.event.ApplicationEventsTestExecutionListener@2a0a654a, org.springframework.boot.test.mock.mockito.MockitoTestExecutionListener@29beac4e, org.springframework.boot.test.autoconfigure.SpringBootDependencyInjectionTestExecutionListener@12f1b76c, org.springframework.test.context.support.DirtiesContextTestExecutionListener@5b7ee413, org.springframework.test.context.event.EventPublishingTestExecutionListener@2227fa03, org.springframework.boot.test.mock.mockito.ResetMocksTestExecutionListener@7ea7fed5, org.springframework.boot.test.autoconfigure.restdocs.RestDocsTestExecutionListener@61f26cba, org.springframework.boot.test.autoconfigure.web.client.MockRestServiceServerResetTestExecutionListener@4d0042eb, org.springframework.boot.test.autoconfigure.web.servlet.MockMvcPrintOnlyOnFailureTestExecutionListener@50ea4eaa, org.springframework.boot.test.autoconfigure.web.servlet.WebDriverTestExecutionListener@11fa5334, org.springframework.boot.test.autoconfigure.webservices.client.MockWebServiceServerTestExecutionListener@639f6a0d]
2021-08-07_16-47-24 [SpringContextShutdownHook] INFO  o.s.s.c.ThreadPoolTaskExecutor - Shutting down ExecutorService 'applicationTaskExecutor'
2021-08-07_16-47-24 [SpringContextShutdownHook] INFO  o.s.s.c.ThreadPoolTaskExecutor - Shutting down ExecutorService 'applicationTaskExecutor'
2021-08-07_16-47-24 [SpringContextShutdownHook] INFO  o.s.s.c.ThreadPoolTaskExecutor - Shutting down ExecutorService 'applicationTaskExecutor'
2021-08-07_16-47-24 [SpringContextShutdownHook] INFO  o.s.s.c.ThreadPoolTaskExecutor - Shutting down ExecutorService 'applicationTaskExecutor'
